# JRE version: OpenJDK Runtime Environment (15.0.2+7) (build 15.0.2+7-27)
# Java VM: OpenJDK 64-Bit Server VM (15.0.2+7-27, mixed mode, tiered, compressed oops, g1 gc, windows-amd64)
GC Precious Log:
 CPUs: 8 total, 8 available
 Memory: 6091M
 Large Page Support: Disabled
 NUMA Support: Disabled
 Compressed Oops: Enabled (32-bit)
 Heap Region Size: 1M
 Heap Min Capacity: 8M
 Heap Initial Capacity: 96M
 Heap Max Capacity: 1524M
 Pre-touch: Disabled
 Parallel Workers: 8
 Concurrent Workers: 2
 Concurrent Refinement Workers: 8
 Periodic GC: Disabled
Heap:
 garbage-first heap   total 532480K, used 150528K [0x00000000a0c00000, 0x0000000100000000)
  region size 1024K, 2 young (2048K), 2 survivors (2048K)
 Metaspace       used 9243K, capacity 9441K, committed 9600K, reserved 1058816K
  class space    used 790K, capacity 848K, committed 896K, reserved 1048576K
GC Heap History (18 events):
Event: 4.043 GC heap before
{Heap before GC invocations=0 (full 0):
 garbage-first heap   total 98304K, used 34816K [0x00000000a0c00000, 0x0000000100000000)
  region size 1024K, 23 young (23552K), 0 survivors (0K)
 Metaspace       used 9243K, capacity 9441K, committed 9600K, reserved 1058816K
  class space    used 790K, capacity 848K, committed 896K, reserved 1048576K
}
Event: 4.048 GC heap after
{Heap after GC invocations=1 (full 0):
 garbage-first heap   total 98304K, used 7076K [0x00000000a0c00000, 0x0000000100000000)
  region size 1024K, 2 young (2048K), 2 survivors (2048K)
 Metaspace       used 9243K, capacity 9441K, committed 9600K, reserved 1058816K
  class space    used 790K, capacity 848K, committed 896K, reserved 1048576K
}
Event: 4.256 GC heap before
{Heap before GC invocations=1 (full 0):
 garbage-first heap   total 98304K, used 70564K [0x00000000a0c00000, 0x0000000100000000)
  region size 1024K, 35 young (35840K), 2 survivors (2048K)
 Metaspace       used 9243K, capacity 9441K, committed 9600K, reserved 1058816K
  class space    used 790K, capacity 848K, committed 896K, reserved 1048576K
}
Event: 4.261 GC heap after
{Heap after GC invocations=2 (full 0):
 garbage-first heap   total 98304K, used 21483K [0x00000000a0c00000, 0x0000000100000000)
  region size 1024K, 2 young (2048K), 2 survivors (2048K)
 Metaspace       used 9243K, capacity 9441K, committed 9600K, reserved 1058816K
  class space    used 790K, capacity 848K, committed 896K, reserved 1048576K
}
Event: 4.278 GC heap before
{Heap before GC invocations=2 (full 0):
 garbage-first heap   total 98304K, used 28651K [0x00000000a0c00000, 0x0000000100000000)
  region size 1024K, 10 young (10240K), 2 survivors (2048K)
 Metaspace       used 9243K, capacity 9441K, committed 9600K, reserved 1058816K
  class space    used 790K, capacity 848K, committed 896K, reserved 1048576K
}
Event: 4.282 GC heap after
{Heap after GC invocations=3 (full 0):
 garbage-first heap   total 98304K, used 21504K [0x00000000a0c00000, 0x0000000100000000)
  region size 1024K, 2 young (2048K), 2 survivors (2048K)
 Metaspace       used 9243K, capacity 9441K, committed 9600K, reserved 1058816K
  class space    used 790K, capacity 848K, committed 896K, reserved 1048576K
}
Event: 4.391 GC heap before
{Heap before GC invocations=4 (full 0):
 garbage-first heap   total 99328K, used 99328K [0x00000000a0c00000, 0x0000000100000000)
  region size 1024K, 41 young (41984K), 2 survivors (2048K)
 Metaspace       used 9243K, capacity 9441K, committed 9600K, reserved 1058816K
  class space    used 790K, capacity 848K, committed 896K, reserved 1048576K
}
Event: 4.396 GC heap after
{Heap after GC invocations=5 (full 0):
 garbage-first heap   total 101376K, used 39936K [0x00000000a0c00000, 0x0000000100000000)
  region size 1024K, 2 young (2048K), 2 survivors (2048K)
 Metaspace       used 9243K, capacity 9441K, committed 9600K, reserved 1058816K
  class space    used 790K, capacity 848K, committed 896K, reserved 1048576K
}
Event: 4.402 GC heap before
{Heap before GC invocations=5 (full 0):
 garbage-first heap   total 101376K, used 41984K [0x00000000a0c00000, 0x0000000100000000)
  region size 1024K, 5 young (5120K), 2 survivors (2048K)
 Metaspace       used 9243K, capacity 9441K, committed 9600K, reserved 1058816K
  class space    used 790K, capacity 848K, committed 896K, reserved 1048576K
}
Event: 4.404 GC heap after
{Heap after GC invocations=6 (full 0):
 garbage-first heap   total 101376K, used 39936K [0x00000000a0c00000, 0x0000000100000000)
  region size 1024K, 2 young (2048K), 2 survivors (2048K)
 Metaspace       used 9243K, capacity 9441K, committed 9600K, reserved 1058816K
  class space    used 790K, capacity 848K, committed 896K, reserved 1048576K
}
Event: 4.558 GC heap before
{Heap before GC invocations=7 (full 0):
 garbage-first heap   total 191488K, used 162816K [0x00000000a0c00000, 0x0000000100000000)
  region size 1024K, 49 young (50176K), 2 survivors (2048K)
 Metaspace       used 9243K, capacity 9441K, committed 9600K, reserved 1058816K
  class space    used 790K, capacity 848K, committed 896K, reserved 1048576K
}
Event: 4.560 GC heap after
{Heap after GC invocations=8 (full 0):
 garbage-first heap   total 191488K, used 76988K [0x00000000a0c00000, 0x0000000100000000)
  region size 1024K, 3 young (3072K), 3 survivors (3072K)
 Metaspace       used 9243K, capacity 9441K, committed 9600K, reserved 1058816K
  class space    used 790K, capacity 848K, committed 896K, reserved 1048576K
}
Event: 4.634 GC heap before
{Heap before GC invocations=8 (full 0):
 garbage-first heap   total 191488K, used 112828K [0x00000000a0c00000, 0x0000000100000000)
  region size 1024K, 39 young (39936K), 3 survivors (3072K)
 Metaspace       used 9243K, capacity 9441K, committed 9600K, reserved 1058816K
  class space    used 790K, capacity 848K, committed 896K, reserved 1048576K
}
Event: 4.637 GC heap after
{Heap after GC invocations=9 (full 0):
 garbage-first heap   total 191488K, used 76891K [0x00000000a0c00000, 0x0000000100000000)
  region size 1024K, 3 young (3072K), 3 survivors (3072K)
 Metaspace       used 9243K, capacity 9441K, committed 9600K, reserved 1058816K
  class space    used 790K, capacity 848K, committed 896K, reserved 1048576K
}
Event: 5.265 GC heap before
{Heap before GC invocations=10 (full 0):
 garbage-first heap   total 377856K, used 316507K [0x00000000a0c00000, 0x0000000100000000)
  region size 1024K, 92 young (94208K), 3 survivors (3072K)
 Metaspace       used 9243K, capacity 9441K, committed 9600K, reserved 1058816K
  class space    used 790K, capacity 848K, committed 896K, reserved 1048576K
}
Event: 5.268 GC heap after
{Heap after GC invocations=11 (full 0):
 garbage-first heap   total 377856K, used 150574K [0x00000000a0c00000, 0x0000000100000000)
  region size 1024K, 3 young (3072K), 3 survivors (3072K)
 Metaspace       used 9243K, capacity 9441K, committed 9600K, reserved 1058816K
  class space    used 790K, capacity 848K, committed 896K, reserved 1048576K
}
Event: 5.444 GC heap before
{Heap before GC invocations=11 (full 0):
 garbage-first heap   total 377856K, used 227374K [0x00000000a0c00000, 0x0000000100000000)
  region size 1024K, 79 young (80896K), 3 survivors (3072K)
 Metaspace       used 9243K, capacity 9441K, committed 9600K, reserved 1058816K
  class space    used 790K, capacity 848K, committed 896K, reserved 1048576K
}
Event: 5.446 GC heap after
{Heap after GC invocations=12 (full 0):
 garbage-first heap   total 377856K, used 150528K [0x00000000a0c00000, 0x0000000100000000)
  region size 1024K, 2 young (2048K), 2 survivors (2048K)
 Metaspace       used 9243K, capacity 9441K, committed 9600K, reserved 1058816K
  class space    used 790K, capacity 848K, committed 896K, reserved 1048576K
}

